{"/workspace/config.js": {"path":"/workspace/config.js","statementMap":{"0":{"start":{"line":1,"column":0},"end":{"line":7,"column":2}}},"fnMap":{},"branchMap":{"0":{"loc":{"start":{"line":2,"column":12},"end":{"line":2,"column":72}},"type":"binary-expr","locations":[{"start":{"line":2,"column":12},"end":{"line":2,"column":32}},{"start":{"line":2,"column":36},"end":{"line":2,"column":72}}],"line":2},"1":{"loc":{"start":{"line":3,"column":12},"end":{"line":3,"column":52}},"type":"binary-expr","locations":[{"start":{"line":3,"column":12},"end":{"line":3,"column":32}},{"start":{"line":3,"column":36},"end":{"line":3,"column":52}}],"line":3},"2":{"loc":{"start":{"line":4,"column":12},"end":{"line":4,"column":56}},"type":"binary-expr","locations":[{"start":{"line":4,"column":12},"end":{"line":4,"column":32}},{"start":{"line":4,"column":36},"end":{"line":4,"column":56}}],"line":4},"3":{"loc":{"start":{"line":5,"column":8},"end":{"line":5,"column":52}},"type":"binary-expr","locations":[{"start":{"line":5,"column":8},"end":{"line":5,"column":30}},{"start":{"line":5,"column":34},"end":{"line":5,"column":52}}],"line":5},"4":{"loc":{"start":{"line":6,"column":6},"end":{"line":6,"column":46}},"type":"binary-expr","locations":[{"start":{"line":6,"column":6},"end":{"line":6,"column":26}},{"start":{"line":6,"column":30},"end":{"line":6,"column":46}}],"line":6}},"s":{"0":1},"f":{},"b":{"0":[1,1],"1":[1,1],"2":[1,1],"3":[1,1],"4":[1,1]},"_coverageSchema":"1a1c01bbd47fc00a2c39e90264f33305004495a9","hash":"a8d193f7e9e50ba11e978353d43311e11e0b83b1"}
,"/workspace/server.js": {"path":"/workspace/server.js","statementMap":{"0":{"start":{"line":1,"column":16},"end":{"line":1,"column":34}},"1":{"start":{"line":2,"column":15},"end":{"line":2,"column":40}},"2":{"start":{"line":3,"column":13},"end":{"line":3,"column":28}},"3":{"start":{"line":4,"column":11},"end":{"line":4,"column":24}},"4":{"start":{"line":5,"column":14},"end":{"line":5,"column":37}},"5":{"start":{"line":6,"column":19},"end":{"line":6,"column":40}},"6":{"start":{"line":7,"column":22},"end":{"line":7,"column":58}},"7":{"start":{"line":8,"column":15},"end":{"line":8,"column":34}},"8":{"start":{"line":10,"column":12},"end":{"line":10,"column":21}},"9":{"start":{"line":11,"column":0},"end":{"line":11,"column":18}},"10":{"start":{"line":13,"column":15},"end":{"line":23,"column":1}},"11":{"start":{"line":26,"column":19},"end":{"line":26,"column":50}},"12":{"start":{"line":27,"column":0},"end":{"line":29,"column":1}},"13":{"start":{"line":28,"column":2},"end":{"line":28,"column":27}},"14":{"start":{"line":31,"column":0},"end":{"line":69,"column":3}},"15":{"start":{"line":32,"column":2},"end":{"line":67,"column":3}},"16":{"start":{"line":33,"column":4},"end":{"line":33,"column":25}},"17":{"start":{"line":34,"column":4},"end":{"line":66,"column":7}},"18":{"start":{"line":35,"column":23},"end":{"line":35,"column":54}},"19":{"start":{"line":36,"column":22},"end":{"line":36,"column":52}},"20":{"start":{"line":37,"column":6},"end":{"line":37,"column":25}},"21":{"start":{"line":38,"column":6},"end":{"line":65,"column":9}},"22":{"start":{"line":39,"column":28},"end":{"line":50,"column":9}},"23":{"start":{"line":52,"column":8},"end":{"line":64,"column":11}},"24":{"start":{"line":53,"column":10},"end":{"line":57,"column":11}},"25":{"start":{"line":54,"column":12},"end":{"line":54,"column":51}},"26":{"start":{"line":56,"column":12},"end":{"line":56,"column":62}},"27":{"start":{"line":58,"column":10},"end":{"line":58,"column":25}},"28":{"start":{"line":59,"column":10},"end":{"line":63,"column":11}},"29":{"start":{"line":60,"column":12},"end":{"line":60,"column":36}},"30":{"start":{"line":62,"column":12},"end":{"line":62,"column":52}},"31":{"start":{"line":68,"column":2},"end":{"line":68,"column":26}},"32":{"start":{"line":71,"column":0},"end":{"line":73,"column":3}},"33":{"start":{"line":72,"column":2},"end":{"line":72,"column":51}},"34":{"start":{"line":76,"column":0},"end":{"line":76,"column":21}},"35":{"start":{"line":78,"column":0},"end":{"line":83,"column":1}},"36":{"start":{"line":79,"column":15},"end":{"line":79,"column":39}},"37":{"start":{"line":80,"column":2},"end":{"line":82,"column":5}},"38":{"start":{"line":81,"column":4},"end":{"line":81,"column":46}}},"fnMap":{"0":{"name":"(anonymous_0)","decl":{"start":{"line":31,"column":20},"end":{"line":31,"column":21}},"loc":{"start":{"line":31,"column":34},"end":{"line":69,"column":1}},"line":31},"1":{"name":"(anonymous_1)","decl":{"start":{"line":34,"column":26},"end":{"line":34,"column":27}},"loc":{"start":{"line":34,"column":57},"end":{"line":66,"column":5}},"line":34},"2":{"name":"(anonymous_2)","decl":{"start":{"line":38,"column":26},"end":{"line":38,"column":27}},"loc":{"start":{"line":38,"column":32},"end":{"line":65,"column":7}},"line":38},"3":{"name":"(anonymous_3)","decl":{"start":{"line":52,"column":37},"end":{"line":52,"column":38}},"loc":{"start":{"line":52,"column":46},"end":{"line":64,"column":9}},"line":52},"4":{"name":"(anonymous_4)","decl":{"start":{"line":71,"column":13},"end":{"line":71,"column":14}},"loc":{"start":{"line":71,"column":27},"end":{"line":73,"column":1}},"line":71},"5":{"name":"(anonymous_5)","decl":{"start":{"line":80,"column":19},"end":{"line":80,"column":20}},"loc":{"start":{"line":80,"column":25},"end":{"line":82,"column":3}},"line":80}},"branchMap":{"0":{"loc":{"start":{"line":27,"column":0},"end":{"line":29,"column":1}},"type":"if","locations":[{"start":{"line":27,"column":0},"end":{"line":29,"column":1}},{"start":{},"end":{}}],"line":27},"1":{"loc":{"start":{"line":32,"column":2},"end":{"line":67,"column":3}},"type":"if","locations":[{"start":{"line":32,"column":2},"end":{"line":67,"column":3}},{"start":{},"end":{}}],"line":32},"2":{"loc":{"start":{"line":53,"column":10},"end":{"line":57,"column":11}},"type":"if","locations":[{"start":{"line":53,"column":10},"end":{"line":57,"column":11}},{"start":{"line":55,"column":17},"end":{"line":57,"column":11}}],"line":53},"3":{"loc":{"start":{"line":78,"column":0},"end":{"line":83,"column":1}},"type":"if","locations":[{"start":{"line":78,"column":0},"end":{"line":83,"column":1}},{"start":{},"end":{}}],"line":78},"4":{"loc":{"start":{"line":79,"column":15},"end":{"line":79,"column":39}},"type":"binary-expr","locations":[{"start":{"line":79,"column":15},"end":{"line":79,"column":31}},{"start":{"line":79,"column":35},"end":{"line":79,"column":39}}],"line":79}},"s":{"0":1,"1":1,"2":1,"3":1,"4":1,"5":1,"6":1,"7":1,"8":1,"9":1,"10":1,"11":1,"12":1,"13":0,"14":1,"15":1,"16":1,"17":1,"18":1,"19":1,"20":1,"21":1,"22":0,"23":0,"24":0,"25":0,"26":0,"27":0,"28":0,"29":0,"30":0,"31":1,"32":1,"33":1,"34":1,"35":1,"36":0,"37":0,"38":0},"f":{"0":1,"1":1,"2":0,"3":0,"4":1,"5":0},"b":{"0":[0,1],"1":[1,0],"2":[0,0],"3":[0,1],"4":[0,0]},"_coverageSchema":"1a1c01bbd47fc00a2c39e90264f33305004495a9","hash":"aeed3aaa3df5ae188b887f82a1d270d5b47fcd6b"}
}
